<?xml version="1.0" encoding="UTF-8"?>
<testsuite xmlns:xsi="http://www.w3.org/2001/XMLSchema-instance" xsi:noNamespaceSchemaLocation="https://maven.apache.org/surefire/maven-surefire-plugin/xsd/surefire-test-report.xsd" name="ca.jrvs.apps.twitter.controller.TwitterControllerTest" time="0.652" tests="3" errors="2" skipped="0" failures="0">
  <properties>
    <property name="awt.toolkit" value="sun.awt.X11.XToolkit"/>
    <property name="file.encoding.pkg" value="sun.io"/>
    <property name="java.specification.version" value="1.8"/>
    <property name="sun.cpu.isalist" value=""/>
    <property name="sun.jnu.encoding" value="UTF-8"/>
    <property name="java.class.path" value="/home/centos/dev/jarvis_data_eng_Lovepreet/core_java/twitter/target/test-classes:/home/centos/dev/jarvis_data_eng_Lovepreet/core_java/twitter/target/classes:/home/centos/.m2/repository/oauth/signpost/signpost-commonshttp4/1.2.1.2/signpost-commonshttp4-1.2.1.2.jar:/home/centos/.m2/repository/oauth/signpost/signpost-core/1.2.1.2/signpost-core-1.2.1.2.jar:/home/centos/.m2/repository/commons-codec/commons-codec/1.11/commons-codec-1.11.jar:/home/centos/.m2/repository/org/apache/httpcomponents/httpcore/4.4.11/httpcore-4.4.11.jar:/home/centos/.m2/repository/org/apache/httpcomponents/httpclient/4.5.7/httpclient-4.5.7.jar:/home/centos/.m2/repository/com/fasterxml/jackson/core/jackson-databind/2.9.8/jackson-databind-2.9.8.jar:/home/centos/.m2/repository/com/fasterxml/jackson/core/jackson-annotations/2.9.0/jackson-annotations-2.9.0.jar:/home/centos/.m2/repository/com/fasterxml/jackson/core/jackson-core/2.9.8/jackson-core-2.9.8.jar:/home/centos/.m2/repository/org/mockito/mockito-core/2.23.4/mockito-core-2.23.4.jar:/home/centos/.m2/repository/net/bytebuddy/byte-buddy/1.9.10/byte-buddy-1.9.10.jar:/home/centos/.m2/repository/net/bytebuddy/byte-buddy-agent/1.9.10/byte-buddy-agent-1.9.10.jar:/home/centos/.m2/repository/org/objenesis/objenesis/2.6/objenesis-2.6.jar:/home/centos/.m2/repository/junit/junit/4.12/junit-4.12.jar:/home/centos/.m2/repository/org/hamcrest/hamcrest-core/1.3/hamcrest-core-1.3.jar:/home/centos/.m2/repository/org/springframework/boot/spring-boot-starter-web/2.1.3.RELEASE/spring-boot-starter-web-2.1.3.RELEASE.jar:/home/centos/.m2/repository/org/springframework/boot/spring-boot-starter/2.1.3.RELEASE/spring-boot-starter-2.1.3.RELEASE.jar:/home/centos/.m2/repository/org/springframework/boot/spring-boot/2.1.3.RELEASE/spring-boot-2.1.3.RELEASE.jar:/home/centos/.m2/repository/org/springframework/boot/spring-boot-autoconfigure/2.1.3.RELEASE/spring-boot-autoconfigure-2.1.3.RELEASE.jar:/home/centos/.m2/repository/org/springframework/boot/spring-boot-starter-logging/2.1.3.RELEASE/spring-boot-starter-logging-2.1.3.RELEASE.jar:/home/centos/.m2/repository/ch/qos/logback/logback-classic/1.2.3/logback-classic-1.2.3.jar:/home/centos/.m2/repository/ch/qos/logback/logback-core/1.2.3/logback-core-1.2.3.jar:/home/centos/.m2/repository/org/apache/logging/log4j/log4j-to-slf4j/2.11.2/log4j-to-slf4j-2.11.2.jar:/home/centos/.m2/repository/org/apache/logging/log4j/log4j-api/2.11.2/log4j-api-2.11.2.jar:/home/centos/.m2/repository/org/slf4j/jul-to-slf4j/1.7.25/jul-to-slf4j-1.7.25.jar:/home/centos/.m2/repository/javax/annotation/javax.annotation-api/1.3.2/javax.annotation-api-1.3.2.jar:/home/centos/.m2/repository/org/yaml/snakeyaml/1.23/snakeyaml-1.23.jar:/home/centos/.m2/repository/org/springframework/boot/spring-boot-starter-json/2.1.3.RELEASE/spring-boot-starter-json-2.1.3.RELEASE.jar:/home/centos/.m2/repository/com/fasterxml/jackson/datatype/jackson-datatype-jdk8/2.9.8/jackson-datatype-jdk8-2.9.8.jar:/home/centos/.m2/repository/com/fasterxml/jackson/datatype/jackson-datatype-jsr310/2.9.8/jackson-datatype-jsr310-2.9.8.jar:/home/centos/.m2/repository/com/fasterxml/jackson/module/jackson-module-parameter-names/2.9.8/jackson-module-parameter-names-2.9.8.jar:/home/centos/.m2/repository/org/springframework/boot/spring-boot-starter-tomcat/2.1.3.RELEASE/spring-boot-starter-tomcat-2.1.3.RELEASE.jar:/home/centos/.m2/repository/org/apache/tomcat/embed/tomcat-embed-core/9.0.16/tomcat-embed-core-9.0.16.jar:/home/centos/.m2/repository/org/apache/tomcat/embed/tomcat-embed-el/9.0.16/tomcat-embed-el-9.0.16.jar:/home/centos/.m2/repository/org/apache/tomcat/embed/tomcat-embed-websocket/9.0.16/tomcat-embed-websocket-9.0.16.jar:/home/centos/.m2/repository/org/hibernate/validator/hibernate-validator/6.0.14.Final/hibernate-validator-6.0.14.Final.jar:/home/centos/.m2/repository/javax/validation/validation-api/2.0.1.Final/validation-api-2.0.1.Final.jar:/home/centos/.m2/repository/org/jboss/logging/jboss-logging/3.3.2.Final/jboss-logging-3.3.2.Final.jar:/home/centos/.m2/repository/com/fasterxml/classmate/1.4.0/classmate-1.4.0.jar:/home/centos/.m2/repository/org/springframework/spring-web/5.1.5.RELEASE/spring-web-5.1.5.RELEASE.jar:/home/centos/.m2/repository/org/springframework/spring-beans/5.1.5.RELEASE/spring-beans-5.1.5.RELEASE.jar:/home/centos/.m2/repository/org/springframework/spring-webmvc/5.1.5.RELEASE/spring-webmvc-5.1.5.RELEASE.jar:/home/centos/.m2/repository/org/springframework/spring-aop/5.1.5.RELEASE/spring-aop-5.1.5.RELEASE.jar:/home/centos/.m2/repository/org/springframework/spring-context/5.1.5.RELEASE/spring-context-5.1.5.RELEASE.jar:/home/centos/.m2/repository/org/springframework/spring-expression/5.1.5.RELEASE/spring-expression-5.1.5.RELEASE.jar:/home/centos/.m2/repository/org/springframework/boot/spring-boot-starter-test/2.1.3.RELEASE/spring-boot-starter-test-2.1.3.RELEASE.jar:/home/centos/.m2/repository/org/springframework/boot/spring-boot-test/2.1.3.RELEASE/spring-boot-test-2.1.3.RELEASE.jar:/home/centos/.m2/repository/org/springframework/boot/spring-boot-test-autoconfigure/2.1.3.RELEASE/spring-boot-test-autoconfigure-2.1.3.RELEASE.jar:/home/centos/.m2/repository/com/jayway/jsonpath/json-path/2.4.0/json-path-2.4.0.jar:/home/centos/.m2/repository/net/minidev/json-smart/2.3/json-smart-2.3.jar:/home/centos/.m2/repository/net/minidev/accessors-smart/1.2/accessors-smart-1.2.jar:/home/centos/.m2/repository/org/ow2/asm/asm/5.0.4/asm-5.0.4.jar:/home/centos/.m2/repository/org/slf4j/slf4j-api/1.7.25/slf4j-api-1.7.25.jar:/home/centos/.m2/repository/org/assertj/assertj-core/3.11.1/assertj-core-3.11.1.jar:/home/centos/.m2/repository/org/hamcrest/hamcrest-library/1.3/hamcrest-library-1.3.jar:/home/centos/.m2/repository/org/skyscreamer/jsonassert/1.5.0/jsonassert-1.5.0.jar:/home/centos/.m2/repository/org/springframework/spring-core/5.1.5.RELEASE/spring-core-5.1.5.RELEASE.jar:/home/centos/.m2/repository/org/springframework/spring-jcl/5.1.5.RELEASE/spring-jcl-5.1.5.RELEASE.jar:/home/centos/.m2/repository/org/springframework/spring-test/5.1.5.RELEASE/spring-test-5.1.5.RELEASE.jar:/home/centos/.m2/repository/org/xmlunit/xmlunit-core/2.6.2/xmlunit-core-2.6.2.jar:/home/centos/.m2/repository/com/vaadin/external/google/android-json/0.0.20131108.vaadin1/android-json-0.0.20131108.vaadin1.jar:"/>
    <property name="java.vm.vendor" value="Red Hat, Inc."/>
    <property name="sun.arch.data.model" value="64"/>
    <property name="java.vendor.url" value="https://www.redhat.com/"/>
    <property name="user.timezone" value=""/>
    <property name="java.vm.specification.version" value="1.8"/>
    <property name="os.name" value="Linux"/>
    <property name="user.country" value="US"/>
    <property name="sun.java.launcher" value="SUN_STANDARD"/>
    <property name="sun.boot.library.path" value="/usr/lib/jvm/java-1.8.0-openjdk-1.8.0.362.b08-1.el7_9.x86_64/jre/lib/amd64"/>
    <property name="sun.java.command" value="/home/centos/dev/jarvis_data_eng_Lovepreet/core_java/twitter/target/surefire/surefirebooter371699208334862129.jar /home/centos/dev/jarvis_data_eng_Lovepreet/core_java/twitter/target/surefire 2023-04-27T15-13-32_542-jvmRun1 surefire601160575513063318tmp surefire_08559797389571520474tmp"/>
    <property name="surefire.test.class.path" value="/home/centos/dev/jarvis_data_eng_Lovepreet/core_java/twitter/target/test-classes:/home/centos/dev/jarvis_data_eng_Lovepreet/core_java/twitter/target/classes:/home/centos/.m2/repository/oauth/signpost/signpost-commonshttp4/1.2.1.2/signpost-commonshttp4-1.2.1.2.jar:/home/centos/.m2/repository/oauth/signpost/signpost-core/1.2.1.2/signpost-core-1.2.1.2.jar:/home/centos/.m2/repository/commons-codec/commons-codec/1.11/commons-codec-1.11.jar:/home/centos/.m2/repository/org/apache/httpcomponents/httpcore/4.4.11/httpcore-4.4.11.jar:/home/centos/.m2/repository/org/apache/httpcomponents/httpclient/4.5.7/httpclient-4.5.7.jar:/home/centos/.m2/repository/com/fasterxml/jackson/core/jackson-databind/2.9.8/jackson-databind-2.9.8.jar:/home/centos/.m2/repository/com/fasterxml/jackson/core/jackson-annotations/2.9.0/jackson-annotations-2.9.0.jar:/home/centos/.m2/repository/com/fasterxml/jackson/core/jackson-core/2.9.8/jackson-core-2.9.8.jar:/home/centos/.m2/repository/org/mockito/mockito-core/2.23.4/mockito-core-2.23.4.jar:/home/centos/.m2/repository/net/bytebuddy/byte-buddy/1.9.10/byte-buddy-1.9.10.jar:/home/centos/.m2/repository/net/bytebuddy/byte-buddy-agent/1.9.10/byte-buddy-agent-1.9.10.jar:/home/centos/.m2/repository/org/objenesis/objenesis/2.6/objenesis-2.6.jar:/home/centos/.m2/repository/junit/junit/4.12/junit-4.12.jar:/home/centos/.m2/repository/org/hamcrest/hamcrest-core/1.3/hamcrest-core-1.3.jar:/home/centos/.m2/repository/org/springframework/boot/spring-boot-starter-web/2.1.3.RELEASE/spring-boot-starter-web-2.1.3.RELEASE.jar:/home/centos/.m2/repository/org/springframework/boot/spring-boot-starter/2.1.3.RELEASE/spring-boot-starter-2.1.3.RELEASE.jar:/home/centos/.m2/repository/org/springframework/boot/spring-boot/2.1.3.RELEASE/spring-boot-2.1.3.RELEASE.jar:/home/centos/.m2/repository/org/springframework/boot/spring-boot-autoconfigure/2.1.3.RELEASE/spring-boot-autoconfigure-2.1.3.RELEASE.jar:/home/centos/.m2/repository/org/springframework/boot/spring-boot-starter-logging/2.1.3.RELEASE/spring-boot-starter-logging-2.1.3.RELEASE.jar:/home/centos/.m2/repository/ch/qos/logback/logback-classic/1.2.3/logback-classic-1.2.3.jar:/home/centos/.m2/repository/ch/qos/logback/logback-core/1.2.3/logback-core-1.2.3.jar:/home/centos/.m2/repository/org/apache/logging/log4j/log4j-to-slf4j/2.11.2/log4j-to-slf4j-2.11.2.jar:/home/centos/.m2/repository/org/apache/logging/log4j/log4j-api/2.11.2/log4j-api-2.11.2.jar:/home/centos/.m2/repository/org/slf4j/jul-to-slf4j/1.7.25/jul-to-slf4j-1.7.25.jar:/home/centos/.m2/repository/javax/annotation/javax.annotation-api/1.3.2/javax.annotation-api-1.3.2.jar:/home/centos/.m2/repository/org/yaml/snakeyaml/1.23/snakeyaml-1.23.jar:/home/centos/.m2/repository/org/springframework/boot/spring-boot-starter-json/2.1.3.RELEASE/spring-boot-starter-json-2.1.3.RELEASE.jar:/home/centos/.m2/repository/com/fasterxml/jackson/datatype/jackson-datatype-jdk8/2.9.8/jackson-datatype-jdk8-2.9.8.jar:/home/centos/.m2/repository/com/fasterxml/jackson/datatype/jackson-datatype-jsr310/2.9.8/jackson-datatype-jsr310-2.9.8.jar:/home/centos/.m2/repository/com/fasterxml/jackson/module/jackson-module-parameter-names/2.9.8/jackson-module-parameter-names-2.9.8.jar:/home/centos/.m2/repository/org/springframework/boot/spring-boot-starter-tomcat/2.1.3.RELEASE/spring-boot-starter-tomcat-2.1.3.RELEASE.jar:/home/centos/.m2/repository/org/apache/tomcat/embed/tomcat-embed-core/9.0.16/tomcat-embed-core-9.0.16.jar:/home/centos/.m2/repository/org/apache/tomcat/embed/tomcat-embed-el/9.0.16/tomcat-embed-el-9.0.16.jar:/home/centos/.m2/repository/org/apache/tomcat/embed/tomcat-embed-websocket/9.0.16/tomcat-embed-websocket-9.0.16.jar:/home/centos/.m2/repository/org/hibernate/validator/hibernate-validator/6.0.14.Final/hibernate-validator-6.0.14.Final.jar:/home/centos/.m2/repository/javax/validation/validation-api/2.0.1.Final/validation-api-2.0.1.Final.jar:/home/centos/.m2/repository/org/jboss/logging/jboss-logging/3.3.2.Final/jboss-logging-3.3.2.Final.jar:/home/centos/.m2/repository/com/fasterxml/classmate/1.4.0/classmate-1.4.0.jar:/home/centos/.m2/repository/org/springframework/spring-web/5.1.5.RELEASE/spring-web-5.1.5.RELEASE.jar:/home/centos/.m2/repository/org/springframework/spring-beans/5.1.5.RELEASE/spring-beans-5.1.5.RELEASE.jar:/home/centos/.m2/repository/org/springframework/spring-webmvc/5.1.5.RELEASE/spring-webmvc-5.1.5.RELEASE.jar:/home/centos/.m2/repository/org/springframework/spring-aop/5.1.5.RELEASE/spring-aop-5.1.5.RELEASE.jar:/home/centos/.m2/repository/org/springframework/spring-context/5.1.5.RELEASE/spring-context-5.1.5.RELEASE.jar:/home/centos/.m2/repository/org/springframework/spring-expression/5.1.5.RELEASE/spring-expression-5.1.5.RELEASE.jar:/home/centos/.m2/repository/org/springframework/boot/spring-boot-starter-test/2.1.3.RELEASE/spring-boot-starter-test-2.1.3.RELEASE.jar:/home/centos/.m2/repository/org/springframework/boot/spring-boot-test/2.1.3.RELEASE/spring-boot-test-2.1.3.RELEASE.jar:/home/centos/.m2/repository/org/springframework/boot/spring-boot-test-autoconfigure/2.1.3.RELEASE/spring-boot-test-autoconfigure-2.1.3.RELEASE.jar:/home/centos/.m2/repository/com/jayway/jsonpath/json-path/2.4.0/json-path-2.4.0.jar:/home/centos/.m2/repository/net/minidev/json-smart/2.3/json-smart-2.3.jar:/home/centos/.m2/repository/net/minidev/accessors-smart/1.2/accessors-smart-1.2.jar:/home/centos/.m2/repository/org/ow2/asm/asm/5.0.4/asm-5.0.4.jar:/home/centos/.m2/repository/org/slf4j/slf4j-api/1.7.25/slf4j-api-1.7.25.jar:/home/centos/.m2/repository/org/assertj/assertj-core/3.11.1/assertj-core-3.11.1.jar:/home/centos/.m2/repository/org/hamcrest/hamcrest-library/1.3/hamcrest-library-1.3.jar:/home/centos/.m2/repository/org/skyscreamer/jsonassert/1.5.0/jsonassert-1.5.0.jar:/home/centos/.m2/repository/org/springframework/spring-core/5.1.5.RELEASE/spring-core-5.1.5.RELEASE.jar:/home/centos/.m2/repository/org/springframework/spring-jcl/5.1.5.RELEASE/spring-jcl-5.1.5.RELEASE.jar:/home/centos/.m2/repository/org/springframework/spring-test/5.1.5.RELEASE/spring-test-5.1.5.RELEASE.jar:/home/centos/.m2/repository/org/xmlunit/xmlunit-core/2.6.2/xmlunit-core-2.6.2.jar:/home/centos/.m2/repository/com/vaadin/external/google/android-json/0.0.20131108.vaadin1/android-json-0.0.20131108.vaadin1.jar:"/>
    <property name="sun.cpu.endian" value="little"/>
    <property name="user.home" value="/home/centos"/>
    <property name="user.language" value="en"/>
    <property name="java.specification.vendor" value="Oracle Corporation"/>
    <property name="java.home" value="/usr/lib/jvm/java-1.8.0-openjdk-1.8.0.362.b08-1.el7_9.x86_64/jre"/>
    <property name="basedir" value="/home/centos/dev/jarvis_data_eng_Lovepreet/core_java/twitter"/>
    <property name="file.separator" value="/"/>
    <property name="line.separator" value="&#10;"/>
    <property name="java.vm.specification.vendor" value="Oracle Corporation"/>
    <property name="java.specification.name" value="Java Platform API Specification"/>
    <property name="java.awt.graphicsenv" value="sun.awt.X11GraphicsEnvironment"/>
    <property name="surefire.real.class.path" value="/home/centos/dev/jarvis_data_eng_Lovepreet/core_java/twitter/target/surefire/surefirebooter371699208334862129.jar"/>
    <property name="sun.boot.class.path" value="/usr/lib/jvm/java-1.8.0-openjdk-1.8.0.362.b08-1.el7_9.x86_64/jre/lib/resources.jar:/usr/lib/jvm/java-1.8.0-openjdk-1.8.0.362.b08-1.el7_9.x86_64/jre/lib/rt.jar:/usr/lib/jvm/java-1.8.0-openjdk-1.8.0.362.b08-1.el7_9.x86_64/jre/lib/sunrsasign.jar:/usr/lib/jvm/java-1.8.0-openjdk-1.8.0.362.b08-1.el7_9.x86_64/jre/lib/jsse.jar:/usr/lib/jvm/java-1.8.0-openjdk-1.8.0.362.b08-1.el7_9.x86_64/jre/lib/jce.jar:/usr/lib/jvm/java-1.8.0-openjdk-1.8.0.362.b08-1.el7_9.x86_64/jre/lib/charsets.jar:/usr/lib/jvm/java-1.8.0-openjdk-1.8.0.362.b08-1.el7_9.x86_64/jre/lib/jfr.jar:/usr/lib/jvm/java-1.8.0-openjdk-1.8.0.362.b08-1.el7_9.x86_64/jre/classes"/>
    <property name="sun.management.compiler" value="HotSpot 64-Bit Tiered Compilers"/>
    <property name="java.runtime.version" value="1.8.0_362-b08"/>
    <property name="user.name" value="centos"/>
    <property name="path.separator" value=":"/>
    <property name="os.version" value="3.10.0-1160.88.1.el7.x86_64"/>
    <property name="java.endorsed.dirs" value="/usr/lib/jvm/java-1.8.0-openjdk-1.8.0.362.b08-1.el7_9.x86_64/jre/lib/endorsed"/>
    <property name="java.runtime.name" value="OpenJDK Runtime Environment"/>
    <property name="file.encoding" value="UTF-8"/>
    <property name="java.vm.name" value="OpenJDK 64-Bit Server VM"/>
    <property name="localRepository" value="/home/centos/.m2/repository"/>
    <property name="java.vendor.url.bug" value="https://bugzilla.redhat.com/enter_bug.cgi?product=Red%20Hat%20Enterprise%20Linux%207&amp;component=java-1.8.0-openjdk"/>
    <property name="java.io.tmpdir" value="/tmp"/>
    <property name="java.version" value="1.8.0_362"/>
    <property name="user.dir" value="/home/centos/dev/jarvis_data_eng_Lovepreet/core_java/twitter"/>
    <property name="os.arch" value="amd64"/>
    <property name="java.vm.specification.name" value="Java Virtual Machine Specification"/>
    <property name="java.awt.printerjob" value="sun.print.PSPrinterJob"/>
    <property name="sun.os.patch.level" value="unknown"/>
    <property name="java.library.path" value="/usr/java/packages/lib/amd64:/usr/lib64:/lib64:/lib:/usr/lib"/>
    <property name="java.vm.info" value="mixed mode"/>
    <property name="java.vendor" value="Red Hat, Inc."/>
    <property name="java.vm.version" value="25.362-b08"/>
    <property name="java.specification.maintenance.version" value="4"/>
    <property name="java.ext.dirs" value="/usr/lib/jvm/java-1.8.0-openjdk-1.8.0.362.b08-1.el7_9.x86_64/jre/lib/ext:/usr/java/packages/lib/ext"/>
    <property name="sun.io.unicode.encoding" value="UnicodeLittle"/>
    <property name="java.class.version" value="52.0"/>
  </properties>
  <testcase name="showTweet" classname="ca.jrvs.apps.twitter.controller.TwitterControllerTest" time="0.015">
    <error message="ID must contain only numbers" type="java.lang.IllegalArgumentException">java.lang.IllegalArgumentException: ID must contain only numbers
	at ca.jrvs.apps.twitter.controller.TwitterControllerTest.showTweet(TwitterControllerTest.java:43)
</error>
    <system-out><![CDATA[EkzE6VVQySY3y20Cux0PtBAxb|Na4kcQ9RWlAbvdSXlaXdZIBTfUSA8YyJscamEIu644FnZ98Lpq|1640394588807479305-8tra8hmDGbf4iQ1O2spjbgRBL3gwb4|T9bO4hDSF3PfsZRUxDgUU829BEbeDkmm7IBEwNBm1TnZC
]]></system-out>
  </testcase>
  <testcase name="deleteTweet" classname="ca.jrvs.apps.twitter.controller.TwitterControllerTest" time="0.425"/>
  <testcase name="postTweet" classname="ca.jrvs.apps.twitter.controller.TwitterControllerTest" time="0.212">
    <error message="Unexpected HTTP status: 403" type="java.lang.RuntimeException">java.lang.RuntimeException: Unexpected HTTP status: 403
	at ca.jrvs.apps.twitter.controller.TwitterControllerTest.postTweet(TwitterControllerTest.java:37)
</error>
    <system-out><![CDATA[EkzE6VVQySY3y20Cux0PtBAxb|Na4kcQ9RWlAbvdSXlaXdZIBTfUSA8YyJscamEIu644FnZ98Lpq|1640394588807479305-8tra8hmDGbf4iQ1O2spjbgRBL3gwb4|T9bO4hDSF3PfsZRUxDgUU829BEbeDkmm7IBEwNBm1TnZC
15:13:39.482 [main] DEBUG org.apache.http.impl.conn.BasicClientConnectionManager - Get connection for route {s}->https://api.twitter.com:443
15:13:39.482 [main] DEBUG org.apache.http.impl.conn.DefaultClientConnectionOperator - Connecting to api.twitter.com:443
15:13:39.558 [main] DEBUG org.apache.http.client.protocol.RequestAddCookies - CookieSpec selected: default
15:13:39.558 [main] DEBUG org.apache.http.client.protocol.RequestAuthCache - Auth cache not set in the context
15:13:39.558 [main] DEBUG org.apache.http.client.protocol.RequestProxyAuthentication - Proxy auth state: UNCHALLENGED
15:13:39.558 [main] DEBUG org.apache.http.impl.client.DefaultHttpClient - Attempt 1 to execute request
15:13:39.558 [main] DEBUG org.apache.http.impl.conn.DefaultClientConnection - Sending request: POST /2/tweets HTTP/1.1
15:13:39.558 [main] DEBUG org.apache.http.wire -  >> "POST /2/tweets HTTP/1.1[\r][\n]"
15:13:39.558 [main] DEBUG org.apache.http.wire -  >> "content-type: application/json[\r][\n]"
15:13:39.558 [main] DEBUG org.apache.http.wire -  >> "Authorization: OAuth oauth_consumer_key="EkzE6VVQySY3y20Cux0PtBAxb", oauth_nonce="98500878070030384", oauth_signature="UjuicRKddaYvDPDrR2av5%2BJrLi0%3D", oauth_signature_method="HMAC-SHA1", oauth_timestamp="1682608419", oauth_token="1640394588807479305-8tra8hmDGbf4iQ1O2spjbgRBL3gwb4", oauth_version="1.0"[\r][\n]"
15:13:39.558 [main] DEBUG org.apache.http.wire -  >> "Content-Length: 28[\r][\n]"
15:13:39.558 [main] DEBUG org.apache.http.wire -  >> "Host: api.twitter.com[\r][\n]"
15:13:39.558 [main] DEBUG org.apache.http.wire -  >> "Connection: Keep-Alive[\r][\n]"
15:13:39.558 [main] DEBUG org.apache.http.wire -  >> "User-Agent: Apache-HttpClient/4.5.7 (Java/1.8.0_362)[\r][\n]"
15:13:39.558 [main] DEBUG org.apache.http.wire -  >> "[\r][\n]"
15:13:39.558 [main] DEBUG org.apache.http.headers - >> POST /2/tweets HTTP/1.1
15:13:39.558 [main] DEBUG org.apache.http.headers - >> content-type: application/json
15:13:39.559 [main] DEBUG org.apache.http.headers - >> Authorization: OAuth oauth_consumer_key="EkzE6VVQySY3y20Cux0PtBAxb", oauth_nonce="98500878070030384", oauth_signature="UjuicRKddaYvDPDrR2av5%2BJrLi0%3D", oauth_signature_method="HMAC-SHA1", oauth_timestamp="1682608419", oauth_token="1640394588807479305-8tra8hmDGbf4iQ1O2spjbgRBL3gwb4", oauth_version="1.0"
15:13:39.559 [main] DEBUG org.apache.http.headers - >> Content-Length: 28
15:13:39.559 [main] DEBUG org.apache.http.headers - >> Host: api.twitter.com
15:13:39.559 [main] DEBUG org.apache.http.headers - >> Connection: Keep-Alive
15:13:39.559 [main] DEBUG org.apache.http.headers - >> User-Agent: Apache-HttpClient/4.5.7 (Java/1.8.0_362)
15:13:39.559 [main] DEBUG org.apache.http.wire -  >> "{"text":"my name boom boom"}"
15:13:39.667 [main] DEBUG org.apache.http.wire -  << "HTTP/1.1 403 Forbidden[\r][\n]"
15:13:39.667 [main] DEBUG org.apache.http.wire -  << "date: Thu, 27 Apr 2023 15:13:39 UTC[\r][\n]"
15:13:39.667 [main] DEBUG org.apache.http.wire -  << "perf: 7626143928[\r][\n]"
15:13:39.667 [main] DEBUG org.apache.http.wire -  << "server: tsa_b[\r][\n]"
15:13:39.667 [main] DEBUG org.apache.http.wire -  << "set-cookie: guest_id_marketing=v1%3A168260841921608617; Max-Age=63072000; Expires=Sat, 26 Apr 2025 15:13:39 GMT; Path=/; Domain=.twitter.com; Secure; SameSite=None[\r][\n]"
15:13:39.668 [main] DEBUG org.apache.http.wire -  << "set-cookie: guest_id_ads=v1%3A168260841921608617; Max-Age=63072000; Expires=Sat, 26 Apr 2025 15:13:39 GMT; Path=/; Domain=.twitter.com; Secure; SameSite=None[\r][\n]"
15:13:39.668 [main] DEBUG org.apache.http.wire -  << "set-cookie: personalization_id="v1_x5GWptlQ911V7FLEpSvIBg=="; Max-Age=63072000; Expires=Sat, 26 Apr 2025 15:13:39 GMT; Path=/; Domain=.twitter.com; Secure; SameSite=None[\r][\n]"
15:13:39.668 [main] DEBUG org.apache.http.wire -  << "set-cookie: guest_id=v1%3A168260841921608617; Max-Age=63072000; Expires=Sat, 26 Apr 2025 15:13:39 GMT; Path=/; Domain=.twitter.com; Secure; SameSite=None[\r][\n]"
15:13:39.668 [main] DEBUG org.apache.http.wire -  << "api-version: 2.62[\r][\n]"
15:13:39.668 [main] DEBUG org.apache.http.wire -  << "content-type: application/json; charset=utf-8[\r][\n]"
15:13:39.668 [main] DEBUG org.apache.http.wire -  << "cache-control: no-cache, no-store, max-age=0[\r][\n]"
15:13:39.668 [main] DEBUG org.apache.http.wire -  << "content-length: 128[\r][\n]"
15:13:39.668 [main] DEBUG org.apache.http.wire -  << "x-access-level: read-write[\r][\n]"
15:13:39.668 [main] DEBUG org.apache.http.wire -  << "x-frame-options: SAMEORIGIN[\r][\n]"
15:13:39.668 [main] DEBUG org.apache.http.wire -  << "x-transaction-id: 405853674ad29aa7[\r][\n]"
15:13:39.668 [main] DEBUG org.apache.http.wire -  << "x-xss-protection: 0[\r][\n]"
15:13:39.668 [main] DEBUG org.apache.http.wire -  << "x-rate-limit-limit: 40000[\r][\n]"
15:13:39.668 [main] DEBUG org.apache.http.wire -  << "x-rate-limit-reset: 1682609316[\r][\n]"
15:13:39.668 [main] DEBUG org.apache.http.wire -  << "content-disposition: attachment; filename=json.json[\r][\n]"
15:13:39.668 [main] DEBUG org.apache.http.wire -  << "x-content-type-options: nosniff[\r][\n]"
15:13:39.668 [main] DEBUG org.apache.http.wire -  << "x-rate-limit-remaining: 39997[\r][\n]"
15:13:39.668 [main] DEBUG org.apache.http.wire -  << "strict-transport-security: max-age=631138519[\r][\n]"
15:13:39.668 [main] DEBUG org.apache.http.wire -  << "x-response-time: 50[\r][\n]"
15:13:39.668 [main] DEBUG org.apache.http.wire -  << "x-connection-hash: 79f7d3f3920dbe0eb51db7fda602702175c3d66ab2fd4254f916e88185b9555f[\r][\n]"
15:13:39.668 [main] DEBUG org.apache.http.wire -  << "[\r][\n]"
15:13:39.668 [main] DEBUG org.apache.http.impl.conn.DefaultClientConnection - Receiving response: HTTP/1.1 403 Forbidden
15:13:39.668 [main] DEBUG org.apache.http.headers - << HTTP/1.1 403 Forbidden
15:13:39.668 [main] DEBUG org.apache.http.headers - << date: Thu, 27 Apr 2023 15:13:39 UTC
15:13:39.668 [main] DEBUG org.apache.http.headers - << perf: 7626143928
15:13:39.668 [main] DEBUG org.apache.http.headers - << server: tsa_b
15:13:39.668 [main] DEBUG org.apache.http.headers - << set-cookie: guest_id_marketing=v1%3A168260841921608617; Max-Age=63072000; Expires=Sat, 26 Apr 2025 15:13:39 GMT; Path=/; Domain=.twitter.com; Secure; SameSite=None
15:13:39.668 [main] DEBUG org.apache.http.headers - << set-cookie: guest_id_ads=v1%3A168260841921608617; Max-Age=63072000; Expires=Sat, 26 Apr 2025 15:13:39 GMT; Path=/; Domain=.twitter.com; Secure; SameSite=None
15:13:39.668 [main] DEBUG org.apache.http.headers - << set-cookie: personalization_id="v1_x5GWptlQ911V7FLEpSvIBg=="; Max-Age=63072000; Expires=Sat, 26 Apr 2025 15:13:39 GMT; Path=/; Domain=.twitter.com; Secure; SameSite=None
15:13:39.668 [main] DEBUG org.apache.http.headers - << set-cookie: guest_id=v1%3A168260841921608617; Max-Age=63072000; Expires=Sat, 26 Apr 2025 15:13:39 GMT; Path=/; Domain=.twitter.com; Secure; SameSite=None
15:13:39.668 [main] DEBUG org.apache.http.headers - << api-version: 2.62
15:13:39.668 [main] DEBUG org.apache.http.headers - << content-type: application/json; charset=utf-8
15:13:39.668 [main] DEBUG org.apache.http.headers - << cache-control: no-cache, no-store, max-age=0
15:13:39.668 [main] DEBUG org.apache.http.headers - << content-length: 128
15:13:39.668 [main] DEBUG org.apache.http.headers - << x-access-level: read-write
15:13:39.668 [main] DEBUG org.apache.http.headers - << x-frame-options: SAMEORIGIN
15:13:39.668 [main] DEBUG org.apache.http.headers - << x-transaction-id: 405853674ad29aa7
15:13:39.668 [main] DEBUG org.apache.http.headers - << x-xss-protection: 0
15:13:39.668 [main] DEBUG org.apache.http.headers - << x-rate-limit-limit: 40000
15:13:39.668 [main] DEBUG org.apache.http.headers - << x-rate-limit-reset: 1682609316
15:13:39.668 [main] DEBUG org.apache.http.headers - << content-disposition: attachment; filename=json.json
15:13:39.668 [main] DEBUG org.apache.http.headers - << x-content-type-options: nosniff
15:13:39.668 [main] DEBUG org.apache.http.headers - << x-rate-limit-remaining: 39997
15:13:39.668 [main] DEBUG org.apache.http.headers - << strict-transport-security: max-age=631138519
15:13:39.668 [main] DEBUG org.apache.http.headers - << x-response-time: 50
15:13:39.668 [main] DEBUG org.apache.http.headers - << x-connection-hash: 79f7d3f3920dbe0eb51db7fda602702175c3d66ab2fd4254f916e88185b9555f
15:13:39.669 [main] WARN org.apache.http.client.protocol.ResponseProcessCookies - Invalid cookie header: "set-cookie: guest_id_marketing=v1%3A168260841921608617; Max-Age=63072000; Expires=Sat, 26 Apr 2025 15:13:39 GMT; Path=/; Domain=.twitter.com; Secure; SameSite=None". Invalid 'expires' attribute: Sat, 26 Apr 2025 15:13:39 GMT
15:13:39.669 [main] WARN org.apache.http.client.protocol.ResponseProcessCookies - Invalid cookie header: "set-cookie: guest_id_ads=v1%3A168260841921608617; Max-Age=63072000; Expires=Sat, 26 Apr 2025 15:13:39 GMT; Path=/; Domain=.twitter.com; Secure; SameSite=None". Invalid 'expires' attribute: Sat, 26 Apr 2025 15:13:39 GMT
15:13:39.669 [main] WARN org.apache.http.client.protocol.ResponseProcessCookies - Invalid cookie header: "set-cookie: personalization_id="v1_x5GWptlQ911V7FLEpSvIBg=="; Max-Age=63072000; Expires=Sat, 26 Apr 2025 15:13:39 GMT; Path=/; Domain=.twitter.com; Secure; SameSite=None". Invalid 'expires' attribute: Sat, 26 Apr 2025 15:13:39 GMT
15:13:39.669 [main] WARN org.apache.http.client.protocol.ResponseProcessCookies - Invalid cookie header: "set-cookie: guest_id=v1%3A168260841921608617; Max-Age=63072000; Expires=Sat, 26 Apr 2025 15:13:39 GMT; Path=/; Domain=.twitter.com; Secure; SameSite=None". Invalid 'expires' attribute: Sat, 26 Apr 2025 15:13:39 GMT
15:13:39.669 [main] DEBUG org.apache.http.impl.client.DefaultHttpClient - Connection can be kept alive indefinitely
15:13:39.669 [main] DEBUG org.apache.http.wire -  << "{"detail":"You are not allowed to create a Tweet with duplicate content.","type":"about:blank","title":"Forbidden","status":403}"
15:13:39.670 [main] DEBUG org.apache.http.impl.conn.BasicClientConnectionManager - Releasing connection org.apache.http.impl.conn.ManagedClientConnectionImpl@63eef88a
15:13:39.670 [main] DEBUG org.apache.http.impl.conn.BasicClientConnectionManager - Connection can be kept alive indefinitely
{"detail":"You are not allowed to create a Tweet with duplicate content.","type":"about:blank","title":"Forbidden","status":403}
]]></system-out>
  </testcase>
</testsuite>